<?xml version="1.0" encoding="UTF-8"?>
<!-- Generated by org.testng.reporters.JUnitXMLReporter -->
<testsuite hostname="WINCTRL-4UEBGKU" name="Test" tests="11" failures="1" timestamp="20 Nov 2015 09:59:02 GMT" time="298.805" errors="0">
  <testcase name="testCase" time="5.006" classname="com.ranford.RABP.testsuites.BP_TS4_ValidateBranchesLogOut"/>
  <testcase name="testCase" time="7.316" classname="com.ranford.RABP.testsuites.BP_TS6_validateBrancheDetailsClear"/>
  <testcase name="testCase" time="2.434" classname="com.ranford.RABP.testsuites.BP_TS9_validateBranchesEntryCancle">
    <failure type="java.lang.NullPointerException">
      <![CDATA[java.lang.NullPointerException
	at com.utils.Excel.getRowCount(Excel.java:44)
	at com.ranford.RABP.testsuites.BP_TS9_validateBranchesEntryCancle.testCase(BP_TS9_validateBranchesEntryCancle.java:33)
	at com.ranford.sample.SuitesExecution.f(SuitesExecution.java:16)
... Removed 45 stack frames]]>
    </failure>
  </testcase> <!-- testCase -->
  <testcase name="testCase" time="6.117" classname="com.ranford.RABP.testsuites.BP_TS5_ValidateBrancheDetails"/>
  <testcase name="testCase" time="46.945" classname="com.ranford.RABP.testsuites.BP_TS7_validateBranchesEntrySubmit"/>
  <testcase name="testCase" time="6.506" classname="com.ranford.RABP.testsuites.BP_TS3_ValidateBranchesHome"/>
  <testcase name="testCase" time="5.897" classname="com.ranford.RABP.testsuites.BP_TS11_validateNewBranchesLogOut"/>
  <testcase name="testCase" time="34.606" classname="com.ranford.RABP.testsuites.BP_TS8_validateBranchesEntryReset"/>
  <testcase name="testCase" time="5.99" classname="com.ranford.RABP.testsuites.BP_TS2_ValidateNewBranches"/>
  <testcase name="testCase" time="5.039" classname="com.ranford.RABP.testsuites.BP_TS10_validateNewBranchesHome"/>
  <testcase name="testCase" time="3.857" classname="com.ranford.RABP.testsuites.BP_TS1_ValidateBranches"/>
</testsuite> <!-- Test -->
